#-----------------------------------------------------------
# Vivado v2024.2 (64-bit)
# SW Build 5239630 on Fri Nov 08 22:35:27 MST 2024
# IP Build 5239520 on Sun Nov 10 16:12:51 MST 2024
# SharedData Build 5239561 on Fri Nov 08 14:39:27 MST 2024
# Start of session at: Thu Apr  3 09:53:32 2025
# Process ID         : 16596
# Current directory  : K:/Vivado/RISCV_PROCESSOR
# Command line       : vivado.exe -gui_launcher_event rodinguilauncherevent7564 K:\Vivado\RISCV_PROCESSOR\RISCV_PROCESSOR.xpr
# Log file           : K:/Vivado/RISCV_PROCESSOR/vivado.log
# Journal file       : K:/Vivado/RISCV_PROCESSOR\vivado.jou
# Running On         : Kunjan
# Platform           : Windows Server 2016 or Windows 10
# Operating System   : 26100
# Processor Detail   : 13th Gen Intel(R) Core(TM) i7-1355U
# CPU Frequency      : 2611 MHz
# CPU Physical cores : 10
# CPU Logical cores  : 12
# Host memory        : 16876 MB
# Swap memory        : 1073 MB
# Total Virtual      : 17950 MB
# Available Virtual  : 10865 MB
#-----------------------------------------------------------
start_gui
open_project K:/Vivado/RISCV_PROCESSOR/RISCV_PROCESSOR.xpr
INFO: [filemgmt 56-3] Default IP Output Path : Could not find the directory 'K:/Vivado/RISCV_PROCESSOR/RISCV_PROCESSOR.gen/sources_1'.
Scanning sources...
Finished scanning sources
INFO: [IP_Flow 19-234] Refreshing IP repositories
INFO: [IP_Flow 19-1704] No user IP repositories specified
INFO: [IP_Flow 19-2313] Loaded Vivado IP repository 'K:/Vivado/Vivado/2024.2/data/ip'.
open_project: Time (s): cpu = 00:00:22 ; elapsed = 00:00:11 . Memory (MB): peak = 1171.520 ; gain = 68.172
update_compile_order -fileset sources_1
exit
INFO: [Common 17-206] Exiting Vivado at Thu Apr  3 09:54:13 2025...
